2026-01-29 11:17:26 | INFO | dafont_app | Logging iniciado. Arquivo: C:\Users\igorb\Documents\GitHub\dafont-dl\logs\app.log
2026-01-29 11:17:26 | INFO | dafont_app | Aplicação iniciada.
2026-01-29 11:17:26 | INFO | dafont_app | Pasta de downloads: C:\Users\igorb\Documents\GitHub\dafont-dl\Downloads
2026-01-29 11:17:26 | INFO | dafont_app | Arquivo de log: C:\Users\igorb\Documents\GitHub\dafont-dl\logs\app.log
2026-01-29 11:18:44 | INFO | dafont_app | Iniciando atualização do banco…
2026-01-29 11:21:04 | CRITICAL | dafont_app | Exceção não tratada (sys.excepthook):
Traceback (most recent call last):
  File "C:\Users\igorb\Documents\GitHub\dafont-dl\src\dafont_app\ui\workers.py", line 24, in run
    result = self.fn(self.signals.progress.emit)
  File "C:\Users\igorb\Documents\GitHub\dafont-dl\src\dafont_app\ui\main_window.py", line 554, in job
    return updater.update_all_categories()
           ~~~~~~~~~~~~~~~~~~~~~~~~~~~~~^^
  File "C:\Users\igorb\Documents\GitHub\dafont-dl\src\dafont_app\services\updater.py", line 86, in update_all_categories
    self._progress(f"    Itens: {len(fonts)} | +{max(inserted, 0)} novas")
    ~~~~~~~~~~~~~~^^^^^^^^^^^^^^^^^^^^^^^^^^^^^^^^^^^^^^^^^^^^^^^^^^^^^^^^
  File "C:\Users\igorb\Documents\GitHub\dafont-dl\src\dafont_app\services\updater.py", line 29, in _progress
    self.progress_cb(msg)
    ~~~~~~~~~~~~~~~~^^^^^
RuntimeError: Signal source has been deleted

During handling of the above exception, another exception occurred:

Traceback (most recent call last):
  File "C:\Users\igorb\Documents\GitHub\dafont-dl\src\dafont_app\ui\workers.py", line 27, in run
    self.signals.error.emit(traceback.format_exc())
    ~~~~~~~~~~~~~~~~~~~~~~~^^^^^^^^^^^^^^^^^^^^^^^^
RuntimeError: Signal source has been deleted

2026-01-29 11:23:52 | INFO | dafont_app | Logging iniciado. Arquivo: C:\Users\igorb\Documents\GitHub\dafont-dl\logs\app.log
2026-01-29 11:23:52 | INFO | dafont_app | Aplicação iniciada.
2026-01-29 11:23:52 | INFO | dafont_app | Pasta de downloads: C:\Users\igorb\Documents\GitHub\dafont-dl\Downloads
2026-01-29 11:23:52 | INFO | dafont_app | Arquivo de log: C:\Users\igorb\Documents\GitHub\dafont-dl\logs\app.log
